<?xml version="1.0" encoding="UTF-8"?>
<testng-results ignored="0" total="1" passed="1" failed="0" skipped="0">
  <reporter-output>
  </reporter-output>
  <suite started-at="2024-01-06T18:27:15 IST" name="Default suite" finished-at="2024-01-06T18:27:15 IST" duration-ms="777">
    <groups>
    </groups>
    <test started-at="2024-01-06T18:27:15 IST" name="Default test" finished-at="2024-01-06T18:27:15 IST" duration-ms="777">
      <class name="Tests.POSTRestAssured">
        <test-method signature="Post()[pri:0, instance:Tests.POSTRestAssured@8dbdac1]" started-at="2024-01-06T18:27:15 IST" name="Post" finished-at="2024-01-06T18:27:15 IST" duration-ms="708" status="PASS">
          <reporter-output>
          </reporter-output>
        </test-method> <!-- Post -->
      </class> <!-- Tests.POSTRestAssured -->
    </test> <!-- Default test -->
  </suite> <!-- Default suite -->
</testng-results>
